\BOOKMARK [1][-]{section.1}{Introduction}{}% 1
\BOOKMARK [2][-]{subsection.1.1}{Problem Description}{section.1}% 2
\BOOKMARK [2][-]{subsection.1.2}{Report Overview}{section.1}% 3
\BOOKMARK [1][-]{section.2}{Problem Analysis}{}% 4
\BOOKMARK [2][-]{subsection.2.1}{Predicates}{section.2}% 5
\BOOKMARK [2][-]{subsection.2.2}{Intitial and Goal States}{section.2}% 6
\BOOKMARK [2][-]{subsection.2.3}{Operators}{section.2}% 7
\BOOKMARK [2][-]{subsection.2.4}{Search Space}{section.2}% 8
\BOOKMARK [2][-]{subsection.2.5}{Special Cases}{section.2}% 9
\BOOKMARK [1][-]{section.3}{Planning Algorithm}{}% 10
\BOOKMARK [2][-]{subsection.3.1}{STRIPS Algorithm}{section.3}% 11
\BOOKMARK [2][-]{subsection.3.2}{Heuristics}{section.3}% 12
\BOOKMARK [3][-]{subsubsection.3.2.1}{The Served-Heuristic}{subsection.3.2}% 13
\BOOKMARK [3][-]{subsubsection.3.2.2}{The Machine-Heuristic}{subsection.3.2}% 14
\BOOKMARK [1][-]{section.4}{Implementation}{}% 15
\BOOKMARK [2][-]{subsection.4.1}{General Structure}{section.4}% 16
\BOOKMARK [2][-]{subsection.4.2}{Problem Implementation}{section.4}% 17
\BOOKMARK [2][-]{subsection.4.3}{Heuristic Details}{section.4}% 18
\BOOKMARK [1][-]{section.5}{Tests}{}% 19
\BOOKMARK [2][-]{subsection.5.1}{Manually Created Worlds}{section.5}% 20
\BOOKMARK [2][-]{subsection.5.2}{Automatically created worlds}{section.5}% 21
\BOOKMARK [1][-]{section.6}{Results}{}% 22
\BOOKMARK [2][-]{subsection.6.1}{Manually Created Worlds}{section.6}% 23
\BOOKMARK [2][-]{subsection.6.2}{Automatically created worlds}{section.6}% 24
\BOOKMARK [1][-]{section.7}{Outlook}{}% 25
\BOOKMARK [1][-]{section*.13}{Appendices}{}% 26
\BOOKMARK [1][-]{Appendix.1.A}{Included Files}{}% 27
\BOOKMARK [1][-]{Appendix.1.B}{Eclipse Instructions}{}% 28
